{"timestamp":1584895691812,"result":"false","class":"java.io.File","method":"exists","type":"file","this":{"path":"\/data\/data\/com.matoski.adbm\/cache"},"args":[]}
{"timestamp":1584895691850,"result":"false","class":"java.io.File","method":"exists","type":"file","this":{"path":"\/data\/data\/com.matoski.adbm\/cache"},"args":[]}
{"timestamp":1584895691963,"result":"false","class":"java.io.File","method":"exists","type":"file","this":{"path":"\/data\/data\/com.matoski.adbm\/cache\/com.android.renderscript.cache"},"args":[]}
{"timestamp":1584895692085,"result":"false","class":"java.io.File","method":"exists","type":"file","this":{"path":"\/data\/data\/com.matoski.adbm\/shared_prefs\/com.matoski.adbm_preferences.xml.bak"},"args":[]}
{"timestamp":1584895692098,"result":"false","class":"java.io.File","method":"exists","type":"file","this":{"path":"\/data\/data\/com.matoski.adbm\/shared_prefs\/com.matoski.adbm_preferences.xml"},"args":[]}
{"timestamp":1584895693227,"result":{"descriptor":46},"class":"libcore.io.IoBridge","method":"open","type":"file","args":["\/sys\/class\/net\/sit0\/ifindex","0"]}
{"timestamp":1584895693247,"result":{"descriptor":46},"class":"libcore.io.IoBridge","method":"open","type":"file","args":["\/proc\/net\/if_inet6","0"]}
{"timestamp":1584895693284,"result":{"descriptor":46},"class":"libcore.io.IoBridge","method":"open","type":"file","args":["\/sys\/class\/net\/eth0\/ifindex","0"]}
{"timestamp":1584895693295,"result":{"descriptor":46},"class":"libcore.io.IoBridge","method":"open","type":"file","args":["\/proc\/net\/if_inet6","0"]}
{"timestamp":1584895693342,"result":{"descriptor":46},"class":"libcore.io.IoBridge","method":"open","type":"file","args":["\/sys\/class\/net\/lo\/ifindex","0"]}
{"timestamp":1584895693412,"result":{"descriptor":46},"class":"libcore.io.IoBridge","method":"open","type":"file","args":["\/proc\/net\/if_inet6","0"]}
{"timestamp":1584895693791,"result":{"descriptor":46},"class":"libcore.io.IoBridge","method":"open","type":"file","args":["\/sys\/class\/net\/sit0\/ifindex","0"]}
{"timestamp":1584895693870,"result":{"descriptor":46},"class":"libcore.io.IoBridge","method":"open","type":"file","args":["\/proc\/net\/if_inet6","0"]}
{"timestamp":1584895693920,"result":{"descriptor":46},"class":"libcore.io.IoBridge","method":"open","type":"file","args":["\/sys\/class\/net\/eth0\/ifindex","0"]}
{"timestamp":1584895693993,"result":{"descriptor":46},"class":"libcore.io.IoBridge","method":"open","type":"file","args":["\/proc\/net\/if_inet6","0"]}
{"timestamp":1584895694071,"result":{"descriptor":46},"class":"libcore.io.IoBridge","method":"open","type":"file","args":["\/sys\/class\/net\/lo\/ifindex","0"]}
{"timestamp":1584895694099,"result":{"descriptor":46},"class":"libcore.io.IoBridge","method":"open","type":"file","args":["\/proc\/net\/if_inet6","0"]}
{"timestamp":1584895694410,"result":"false","class":"android.os.SystemProperties","method":"get","type":"content","args":["viewancestor.profile_rendering","false"]}
{"timestamp":1584895695725,"result":"false","class":"android.os.SystemProperties","method":"get","type":"content","args":["debug.hwui.disable_vsync","false"]}
{"timestamp":1584895695754,"result":"false","class":"android.os.SystemProperties","method":"get","type":"content","args":["debug.hwui.profile","false"]}
{"timestamp":1584895695808,"result":"false","class":"android.os.SystemProperties","method":"get","type":"content","args":["debug.hwui.show_dirty_regions","false"]}
{"timestamp":1584895696330,"result":["CONNECTING","CONNECTED","SUSPENDED","DISCONNECTING","DISCONNECTED","UNKNOWN"],"hooked_method":"values","hooked_class":"","args":[],"class":"java.lang.reflect.Method","method":"invoke","type":"reflection"}
{"timestamp":1584895696369,"result":{"descriptor":46},"class":"libcore.io.IoBridge","method":"open","type":"file","args":["\/sys\/class\/net\/sit0\/ifindex","0"]}
{"timestamp":1584895696456,"result":{"descriptor":46},"class":"libcore.io.IoBridge","method":"open","type":"file","args":["\/proc\/net\/if_inet6","0"]}
{"timestamp":1584895696513,"result":{"descriptor":46},"class":"libcore.io.IoBridge","method":"open","type":"file","args":["\/sys\/class\/net\/eth0\/ifindex","0"]}
{"timestamp":1584895696660,"result":{"descriptor":46},"class":"libcore.io.IoBridge","method":"open","type":"file","args":["\/proc\/net\/if_inet6","0"]}
{"timestamp":1584895696787,"result":{"descriptor":46},"class":"libcore.io.IoBridge","method":"open","type":"file","args":["\/sys\/class\/net\/lo\/ifindex","0"]}
{"timestamp":1584895696818,"result":{"descriptor":46},"class":"libcore.io.IoBridge","method":"open","type":"file","args":["\/proc\/net\/if_inet6","0"]}
{"timestamp":1584895696879,"result":{"descriptor":46},"class":"libcore.io.IoBridge","method":"open","type":"file","args":["\/sys\/class\/net\/sit0\/ifindex","0"]}
{"timestamp":1584895696959,"result":{"descriptor":46},"class":"libcore.io.IoBridge","method":"open","type":"file","args":["\/proc\/net\/if_inet6","0"]}
{"timestamp":1584895697012,"result":{"descriptor":46},"class":"libcore.io.IoBridge","method":"open","type":"file","args":["\/sys\/class\/net\/eth0\/ifindex","0"]}
{"timestamp":1584895697026,"result":{"descriptor":46},"class":"libcore.io.IoBridge","method":"open","type":"file","args":["\/proc\/net\/if_inet6","0"]}
{"timestamp":1584895697060,"result":{"descriptor":46},"class":"libcore.io.IoBridge","method":"open","type":"file","args":["\/sys\/class\/net\/lo\/ifindex","0"]}
{"timestamp":1584895697069,"result":{"descriptor":46},"class":"libcore.io.IoBridge","method":"open","type":"file","args":["\/proc\/net\/if_inet6","0"]}
{"timestamp":1584895697151,"result":{"descriptor":46},"class":"libcore.io.IoBridge","method":"open","type":"file","args":["\/sys\/class\/net\/sit0\/ifindex","0"]}
{"timestamp":1584895697184,"result":{"descriptor":46},"class":"libcore.io.IoBridge","method":"open","type":"file","args":["\/proc\/net\/if_inet6","0"]}
{"timestamp":1584895697202,"result":{"descriptor":46},"class":"libcore.io.IoBridge","method":"open","type":"file","args":["\/sys\/class\/net\/eth0\/ifindex","0"]}
{"timestamp":1584895697222,"result":{"descriptor":46},"class":"libcore.io.IoBridge","method":"open","type":"file","args":["\/proc\/net\/if_inet6","0"]}
{"timestamp":1584895697279,"result":{"descriptor":46},"class":"libcore.io.IoBridge","method":"open","type":"file","args":["\/sys\/class\/net\/lo\/ifindex","0"]}
{"timestamp":1584895697307,"result":{"descriptor":46},"class":"libcore.io.IoBridge","method":"open","type":"file","args":["\/proc\/net\/if_inet6","0"]}
{"timestamp":1584895697468,"result":{"descriptor":46},"class":"libcore.io.IoBridge","method":"open","type":"file","args":["\/sys\/class\/net\/sit0\/ifindex","0"]}
{"timestamp":1584895697544,"result":{"descriptor":46},"class":"libcore.io.IoBridge","method":"open","type":"file","args":["\/proc\/net\/if_inet6","0"]}
{"timestamp":1584895697596,"result":{"descriptor":46},"class":"libcore.io.IoBridge","method":"open","type":"file","args":["\/sys\/class\/net\/eth0\/ifindex","0"]}
{"timestamp":1584895697715,"result":{"descriptor":46},"class":"libcore.io.IoBridge","method":"open","type":"file","args":["\/proc\/net\/if_inet6","0"]}
{"timestamp":1584895697788,"result":{"descriptor":46},"class":"libcore.io.IoBridge","method":"open","type":"file","args":["\/sys\/class\/net\/lo\/ifindex","0"]}
{"timestamp":1584895697833,"result":{"descriptor":46},"class":"libcore.io.IoBridge","method":"open","type":"file","args":["\/proc\/net\/if_inet6","0"]}
{"timestamp":1584895698033,"class":"android.app.NotificationManager","method":"notify","type":"generic","args":["2131296335",{"icon":2130837506,"flags":32,"iconLevel":0,"contentView":{"mActions":[{},{},{},{}],"mLayoutId":2130903044,"mMemoryUsageCounter":{"mMemoryUsage":0},"mPackage":"com.matoski.adbm","mIsRoot":true,"mIsWidgetCollectionChild":false,"mBitmapCache":{"mBitmaps":[]}},"number":0,"audioStreamType":-1,"extras":{"mAllowFds":true,"mFdsKnown":true,"mMap":{},"mHasFds":false,"mClassLoader":{"packages":{}}},"defaults":0,"ledARGB":0,"priority":0,"when":1584895697096,"ledOnMS":0,"contentIntent":{"mTarget":{"mRemote":{"mSelf":{"referent":{}},"mObject":-1213654632,"mOrgue":-1213841816}}},"ledOffMS":0}]}
{"timestamp":1584895698575,"class":"android.app.NotificationManager","method":"notify","type":"generic","args":["2131296335",{"icon":2130837506,"flags":32,"iconLevel":0,"contentView":{"mActions":[{},{},{},{}],"mLayoutId":2130903044,"mMemoryUsageCounter":{"mMemoryUsage":0},"mPackage":"com.matoski.adbm","mIsRoot":true,"mIsWidgetCollectionChild":false,"mBitmapCache":{"mBitmaps":[]}},"number":0,"audioStreamType":-1,"extras":{"mAllowFds":true,"mFdsKnown":true,"mMap":{},"mHasFds":false,"mClassLoader":{"packages":{}}},"defaults":0,"ledARGB":0,"priority":0,"when":1584895697096,"ledOnMS":0,"contentIntent":{"mTarget":{"mRemote":{"mSelf":{"referent":{}},"mObject":-1213654632,"mOrgue":-1213841816}}},"ledOffMS":0}]}
{"timestamp":1584895700330,"result":"","class":"android.os.SystemProperties","method":"get","type":"content","args":["debug.hwui.print_config",""]}
{"timestamp":1584895700537,"result":{"descriptor":58},"class":"libcore.io.IoBridge","method":"open","type":"file","args":["\/sys\/class\/net\/sit0\/ifindex","0"]}
{"timestamp":1584895700554,"result":{"descriptor":58},"class":"libcore.io.IoBridge","method":"open","type":"file","args":["\/proc\/net\/if_inet6","0"]}
{"timestamp":1584895700572,"result":{"descriptor":58},"class":"libcore.io.IoBridge","method":"open","type":"file","args":["\/sys\/class\/net\/eth0\/ifindex","0"]}
{"timestamp":1584895700633,"result":{"descriptor":58},"class":"libcore.io.IoBridge","method":"open","type":"file","args":["\/proc\/net\/if_inet6","0"]}
{"timestamp":1584895700692,"result":{"descriptor":58},"class":"libcore.io.IoBridge","method":"open","type":"file","args":["\/sys\/class\/net\/lo\/ifindex","0"]}
{"timestamp":1584895700751,"result":{"descriptor":58},"class":"libcore.io.IoBridge","method":"open","type":"file","args":["\/proc\/net\/if_inet6","0"]}
{"timestamp":1584895700836,"result":"Process[pid=1534]","class":"java.lang.Runtime","method":"exec","type":"runtime","args":[["su"]]}
{"timestamp":1584895702859,"result":"Process[pid=1534]","class":"java.lang.Runtime","method":"exec","type":"runtime","args":["su"]}
{"timestamp":1584895703578,"result":"Process[pid=1534]","class":"java.lang.Runtime","method":"exec","type":"runtime","args":["su"]}
{"buffer":"echo -BOC-","timestamp":1584895705189,"class":"java.io.FileOutputStream","method":"write","type":"runtime"}
{"buffer":"id","timestamp":1584895705454,"class":"java.io.FileOutputStream","method":"write","type":"runtime"}
{"buffer":"exit","timestamp":1584895705509,"class":"java.io.FileOutputStream","method":"write","type":"runtime"}
{"timestamp":1584895714231,"result":{"descriptor":53},"class":"libcore.io.IoBridge","method":"open","type":"file","args":["\/sys\/class\/net\/sit0\/ifindex","0"]}
{"timestamp":1584895714275,"result":{"descriptor":53},"class":"libcore.io.IoBridge","method":"open","type":"file","args":["\/proc\/net\/if_inet6","0"]}
{"timestamp":1584895714343,"result":{"descriptor":53},"class":"libcore.io.IoBridge","method":"open","type":"file","args":["\/sys\/class\/net\/eth0\/ifindex","0"]}
{"timestamp":1584895714370,"result":{"descriptor":53},"class":"libcore.io.IoBridge","method":"open","type":"file","args":["\/proc\/net\/if_inet6","0"]}
{"timestamp":1584895714444,"result":{"descriptor":53},"class":"libcore.io.IoBridge","method":"open","type":"file","args":["\/sys\/class\/net\/lo\/ifindex","0"]}
{"timestamp":1584895714503,"result":{"descriptor":53},"class":"libcore.io.IoBridge","method":"open","type":"file","args":["\/proc\/net\/if_inet6","0"]}
{"timestamp":1584895719708,"result":{"descriptor":53},"class":"libcore.io.IoBridge","method":"open","type":"file","args":["\/sys\/class\/net\/sit0\/ifindex","0"]}
{"timestamp":1584895719797,"result":{"descriptor":53},"class":"libcore.io.IoBridge","method":"open","type":"file","args":["\/proc\/net\/if_inet6","0"]}
{"timestamp":1584895719861,"result":{"descriptor":53},"class":"libcore.io.IoBridge","method":"open","type":"file","args":["\/sys\/class\/net\/eth0\/ifindex","0"]}
{"timestamp":1584895719929,"result":{"descriptor":53},"class":"libcore.io.IoBridge","method":"open","type":"file","args":["\/proc\/net\/if_inet6","0"]}
{"timestamp":1584895719992,"result":{"descriptor":53},"class":"libcore.io.IoBridge","method":"open","type":"file","args":["\/sys\/class\/net\/lo\/ifindex","0"]}
{"timestamp":1584895720051,"result":{"descriptor":53},"class":"libcore.io.IoBridge","method":"open","type":"file","args":["\/proc\/net\/if_inet6","0"]}
{"buffer":"-BOC-","timestamp":1584895725669,"class":"java.io.FileInputStream","method":"read","type":"runtime"}
{"buffer":"uid=0(root) gid=0(root)","timestamp":1584895725790,"class":"java.io.FileInputStream","method":"read","type":"runtime"}
{"buffer":"","timestamp":1584895725830,"class":"java.io.FileInputStream","method":"read","type":"runtime"}
{"buffer":"","timestamp":1584895725866,"class":"java.io.FileInputStream","method":"read","type":"runtime"}
{"timestamp":1584895726136,"result":"Process[pid=1631]","class":"java.lang.Runtime","method":"exec","type":"runtime","args":[["su"]]}
{"timestamp":1584895727428,"class":"android.app.Activity","method":"startActivity","type":"binder","args":[{"cmp":"com.matoski.adbm\/com.matoski.adbm.activity.MyPreferencesActivity"}]}
{"timestamp":1584895727452,"class":"android.app.Activity","method":"startActivity","type":"binder","args":[{"cmp":"com.matoski.adbm\/com.matoski.adbm.activity.MyPreferencesActivity"}]}
{"timestamp":1584895728212,"result":{"mModified":{"start_on_boot":true},"mClear":false},"class":"android.app.SharedPreferencesImpl$EditorImpl","method":"putBoolean","type":"globals","args":["start_on_boot","true"]}
{"timestamp":1584895728263,"result":{"mModified":{"start_delay":"10","start_on_boot":true},"mClear":false},"class":"android.app.SharedPreferencesImpl$EditorImpl","method":"putString","type":"globals","args":["start_delay","10"]}
{"timestamp":1584895728291,"result":{"mModified":{"start_delay":"10","start_on_boot":true,"alarm_timeout_interval":"7200"},"mClear":false},"class":"android.app.SharedPreferencesImpl$EditorImpl","method":"putString","type":"globals","args":["alarm_timeout_interval","7200"]}
{"timestamp":1584895727061,"result":"Process[pid=1631]","class":"java.lang.Runtime","method":"exec","type":"runtime","args":["su"]}
{"timestamp":1584895728305,"result":{"mModified":{"start_delay":"10","start_on_boot":true,"alarm_timeout_interval":"7200","show_notifications":true},"mClear":false},"class":"android.app.SharedPreferencesImpl$EditorImpl","method":"putBoolean","type":"globals","args":["show_notifications","true"]}
{"timestamp":1584895728358,"result":{"mModified":{"use_root":true,"start_on_boot":true,"show_notifications":true,"start_delay":"10","alarm_timeout_interval":"7200"},"mClear":false},"class":"android.app.SharedPreferencesImpl$EditorImpl","method":"putBoolean","type":"globals","args":["use_root","true"]}
{"timestamp":1584895728419,"result":{"mModified":{"use_root":true,"adb_port":"5555","start_on_boot":true,"show_notifications":true,"start_delay":"10","alarm_timeout_interval":"7200"},"mClear":false},"class":"android.app.SharedPreferencesImpl$EditorImpl","method":"putString","type":"globals","args":["adb_port","5555"]}
{"timestamp":1584895728471,"result":{"mModified":{"use_root":true,"adb_port":"5555","start_on_boot":true,"show_notifications":true,"language":"en_US","start_delay":"10","alarm_timeout_interval":"7200"},"mClear":false},"class":"android.app.SharedPreferencesImpl$EditorImpl","method":"putString","type":"globals","args":["language","en_US"]}
{"timestamp":1584895728502,"result":"false","class":"java.io.File","method":"exists","type":"file","this":{"path":"\/data\/data\/com.matoski.adbm\/shared_prefs\/com.matoski.adbm_preferences.xml"},"args":[]}
{"timestamp":1584895728548,"result":{"descriptor":48},"class":"libcore.io.IoBridge","method":"open","type":"file","args":["\/data\/data\/com.matoski.adbm\/shared_prefs\/com.matoski.adbm_preferences.xml","577"]}
{"timestamp":1584895728645,"result":"false","class":"android.os.SystemProperties","method":"get","type":"content","args":["viewancestor.profile_rendering","false"]}
{"timestamp":1584895728755,"result":"false","class":"android.os.SystemProperties","method":"get","type":"content","args":["debug.hwui.disable_vsync","false"]}
{"timestamp":1584895728788,"result":"false","class":"android.os.SystemProperties","method":"get","type":"content","args":["debug.hwui.profile","false"]}
{"timestamp":1584895728794,"result":"false","class":"android.os.SystemProperties","method":"get","type":"content","args":["debug.hwui.show_dirty_regions","false"]}
{"timestamp":1584895728346,"result":"Process[pid=1631]","class":"java.lang.Runtime","method":"exec","type":"runtime","args":["su"]}
{"buffer":"getprop service.adb.tcp.port","timestamp":1584895729680,"class":"java.io.FileOutputStream","method":"write","type":"runtime"}
{"buffer":"exit","timestamp":1584895730379,"class":"java.io.FileOutputStream","method":"write","type":"runtime"}
{"timestamp":1584895735983,"result":{"descriptor":48},"class":"libcore.io.IoBridge","method":"open","type":"file","args":["\/sys\/class\/net\/sit0\/ifindex","0"]}
{"timestamp":1584895736080,"result":{"descriptor":48},"class":"libcore.io.IoBridge","method":"open","type":"file","args":["\/proc\/net\/if_inet6","0"]}
{"timestamp":1584895736146,"result":{"descriptor":48},"class":"libcore.io.IoBridge","method":"open","type":"file","args":["\/sys\/class\/net\/eth0\/ifindex","0"]}
{"timestamp":1584895736157,"result":{"descriptor":48},"class":"libcore.io.IoBridge","method":"open","type":"file","args":["\/proc\/net\/if_inet6","0"]}
{"timestamp":1584895736194,"result":{"descriptor":48},"class":"libcore.io.IoBridge","method":"open","type":"file","args":["\/sys\/class\/net\/lo\/ifindex","0"]}
{"timestamp":1584895736218,"result":{"descriptor":48},"class":"libcore.io.IoBridge","method":"open","type":"file","args":["\/proc\/net\/if_inet6","0"]}
{"buffer":"","timestamp":1584895739740,"class":"java.io.FileInputStream","method":"read","type":"runtime"}
{"buffer":"","timestamp":1584895739760,"class":"java.io.FileInputStream","method":"read","type":"runtime"}
{"buffer":"","timestamp":1584895739771,"class":"java.io.FileInputStream","method":"read","type":"runtime"}
{"timestamp":1584895740602,"result":{"descriptor":48},"class":"libcore.io.IoBridge","method":"open","type":"file","args":["\/sys\/class\/net\/sit0\/ifindex","0"]}
{"timestamp":1584895740759,"result":{"descriptor":48},"class":"libcore.io.IoBridge","method":"open","type":"file","args":["\/proc\/net\/if_inet6","0"]}
{"timestamp":1584895740947,"result":{"descriptor":48},"class":"libcore.io.IoBridge","method":"open","type":"file","args":["\/sys\/class\/net\/eth0\/ifindex","0"]}
{"timestamp":1584895741039,"result":{"descriptor":48},"class":"libcore.io.IoBridge","method":"open","type":"file","args":["\/proc\/net\/if_inet6","0"]}
{"timestamp":1584895741180,"result":{"descriptor":48},"class":"libcore.io.IoBridge","method":"open","type":"file","args":["\/sys\/class\/net\/lo\/ifindex","0"]}
{"timestamp":1584895741209,"result":{"descriptor":48},"class":"libcore.io.IoBridge","method":"open","type":"file","args":["\/proc\/net\/if_inet6","0"]}
{"timestamp":1584895741364,"result":{"descriptor":48},"class":"libcore.io.IoBridge","method":"open","type":"file","args":["\/sys\/class\/net\/sit0\/ifindex","0"]}
{"timestamp":1584895741459,"result":{"descriptor":48},"class":"libcore.io.IoBridge","method":"open","type":"file","args":["\/proc\/net\/if_inet6","0"]}
{"timestamp":1584895741552,"result":{"descriptor":48},"class":"libcore.io.IoBridge","method":"open","type":"file","args":["\/sys\/class\/net\/eth0\/ifindex","0"]}
{"timestamp":1584895741639,"result":{"descriptor":48},"class":"libcore.io.IoBridge","method":"open","type":"file","args":["\/proc\/net\/if_inet6","0"]}
{"timestamp":1584895741878,"result":{"descriptor":48},"class":"libcore.io.IoBridge","method":"open","type":"file","args":["\/sys\/class\/net\/lo\/ifindex","0"]}
{"timestamp":1584895741971,"result":{"descriptor":48},"class":"libcore.io.IoBridge","method":"open","type":"file","args":["\/proc\/net\/if_inet6","0"]}
{"timestamp":1584895742059,"result":{"descriptor":48},"class":"libcore.io.IoBridge","method":"open","type":"file","args":["\/sys\/class\/net\/sit0\/ifindex","0"]}
{"timestamp":1584895742103,"result":{"descriptor":48},"class":"libcore.io.IoBridge","method":"open","type":"file","args":["\/proc\/net\/if_inet6","0"]}
{"timestamp":1584895742157,"result":{"descriptor":48},"class":"libcore.io.IoBridge","method":"open","type":"file","args":["\/sys\/class\/net\/eth0\/ifindex","0"]}
{"timestamp":1584895742183,"result":{"descriptor":48},"class":"libcore.io.IoBridge","method":"open","type":"file","args":["\/proc\/net\/if_inet6","0"]}
{"timestamp":1584895742226,"result":{"descriptor":48},"class":"libcore.io.IoBridge","method":"open","type":"file","args":["\/sys\/class\/net\/lo\/ifindex","0"]}
{"timestamp":1584895742253,"result":{"descriptor":48},"class":"libcore.io.IoBridge","method":"open","type":"file","args":["\/proc\/net\/if_inet6","0"]}
{"timestamp":1584895742323,"result":{"descriptor":48},"class":"libcore.io.IoBridge","method":"open","type":"file","args":["\/sys\/class\/net\/sit0\/ifindex","0"]}
{"timestamp":1584895742515,"result":{"descriptor":48},"class":"libcore.io.IoBridge","method":"open","type":"file","args":["\/proc\/net\/if_inet6","0"]}
{"timestamp":1584895742554,"result":{"descriptor":48},"class":"libcore.io.IoBridge","method":"open","type":"file","args":["\/sys\/class\/net\/eth0\/ifindex","0"]}
{"timestamp":1584895742877,"result":{"descriptor":48},"class":"libcore.io.IoBridge","method":"open","type":"file","args":["\/proc\/net\/if_inet6","0"]}
{"timestamp":1584895742986,"result":{"descriptor":48},"class":"libcore.io.IoBridge","method":"open","type":"file","args":["\/sys\/class\/net\/lo\/ifindex","0"]}
{"timestamp":1584895743093,"result":{"descriptor":48},"class":"libcore.io.IoBridge","method":"open","type":"file","args":["\/proc\/net\/if_inet6","0"]}
{"timestamp":1584895743165,"result":{"descriptor":48},"class":"libcore.io.IoBridge","method":"open","type":"file","args":["\/sys\/class\/net\/sit0\/ifindex","0"]}
{"timestamp":1584895743199,"result":{"descriptor":48},"class":"libcore.io.IoBridge","method":"open","type":"file","args":["\/proc\/net\/if_inet6","0"]}
{"timestamp":1584895743231,"result":{"descriptor":48},"class":"libcore.io.IoBridge","method":"open","type":"file","args":["\/sys\/class\/net\/eth0\/ifindex","0"]}
{"timestamp":1584895743263,"result":{"descriptor":48},"class":"libcore.io.IoBridge","method":"open","type":"file","args":["\/proc\/net\/if_inet6","0"]}
{"timestamp":1584895743298,"result":{"descriptor":48},"class":"libcore.io.IoBridge","method":"open","type":"file","args":["\/sys\/class\/net\/lo\/ifindex","0"]}
{"timestamp":1584895743319,"result":{"descriptor":48},"class":"libcore.io.IoBridge","method":"open","type":"file","args":["\/proc\/net\/if_inet6","0"]}
{"timestamp":1584895743371,"class":"android.app.NotificationManager","method":"notify","type":"generic","args":["2131296335",{"icon":2130837506,"flags":32,"iconLevel":0,"contentView":{"mActions":[{},{},{},{}],"mLayoutId":2130903044,"mMemoryUsageCounter":{"mMemoryUsage":0},"mPackage":"com.matoski.adbm","mIsRoot":true,"mIsWidgetCollectionChild":false,"mBitmapCache":{"mBitmaps":[]}},"number":0,"audioStreamType":-1,"extras":{"mAllowFds":true,"mFdsKnown":true,"mMap":{},"mHasFds":false,"mClassLoader":{"packages":{}}},"defaults":0,"ledARGB":0,"priority":0,"when":1584895742298,"ledOnMS":0,"contentIntent":{"mTarget":{"mRemote":{"mSelf":{"referent":{}},"mObject":-1212781688,"mOrgue":-1212791600}}},"ledOffMS":0}]}
{"timestamp":1584895743725,"class":"android.app.NotificationManager","method":"notify","type":"generic","args":["2131296335",{"icon":2130837506,"flags":32,"iconLevel":0,"contentView":{"mActions":[{},{},{},{}],"mLayoutId":2130903044,"mMemoryUsageCounter":{"mMemoryUsage":0},"mPackage":"com.matoski.adbm","mIsRoot":true,"mIsWidgetCollectionChild":false,"mBitmapCache":{"mBitmaps":[]}},"number":0,"audioStreamType":-1,"extras":{"mAllowFds":true,"mFdsKnown":true,"mMap":{},"mHasFds":false,"mClassLoader":{"packages":{}}},"defaults":0,"ledARGB":0,"priority":0,"when":1584895742298,"ledOnMS":0,"contentIntent":{"mTarget":{"mRemote":{"mSelf":{"referent":{}},"mObject":-1212781688,"mOrgue":-1212791600}}},"ledOffMS":0}]}
{"timestamp":1584895743931,"result":"Process[pid=1652]","class":"java.lang.Runtime","method":"exec","type":"runtime","args":[["su"]]}
{"timestamp":1584895744549,"result":"Process[pid=1652]","class":"java.lang.Runtime","method":"exec","type":"runtime","args":["su"]}
{"timestamp":1584895744606,"result":"Process[pid=1652]","class":"java.lang.Runtime","method":"exec","type":"runtime","args":["su"]}
{"buffer":"echo -BOC-","timestamp":1584895744678,"class":"java.io.FileOutputStream","method":"write","type":"runtime"}
{"buffer":"id","timestamp":1584895744703,"class":"java.io.FileOutputStream","method":"write","type":"runtime"}
{"buffer":"exit","timestamp":1584895744733,"class":"java.io.FileOutputStream","method":"write","type":"runtime"}
{"buffer":"-BOC-","timestamp":1584895750173,"class":"java.io.FileInputStream","method":"read","type":"runtime"}
{"buffer":"uid=0(root) gid=0(root)","timestamp":1584895750295,"class":"java.io.FileInputStream","method":"read","type":"runtime"}
{"buffer":"","timestamp":1584895750310,"class":"java.io.FileInputStream","method":"read","type":"runtime"}
{"buffer":"","timestamp":1584895750326,"class":"java.io.FileInputStream","method":"read","type":"runtime"}
{"timestamp":1584895750408,"result":"Process[pid=1671]","class":"java.lang.Runtime","method":"exec","type":"runtime","args":[["su"]]}
{"timestamp":1584895750560,"result":"Process[pid=1671]","class":"java.lang.Runtime","method":"exec","type":"runtime","args":["su"]}
{"timestamp":1584895750833,"result":"Process[pid=1671]","class":"java.lang.Runtime","method":"exec","type":"runtime","args":["su"]}
{"buffer":"getprop service.adb.tcp.port","timestamp":1584895750977,"class":"java.io.FileOutputStream","method":"write","type":"runtime"}
{"buffer":"exit","timestamp":1584895751007,"class":"java.io.FileOutputStream","method":"write","type":"runtime"}
{"buffer":"","timestamp":1584895754326,"class":"java.io.FileInputStream","method":"read","type":"runtime"}
{"buffer":"","timestamp":1584895754413,"class":"java.io.FileInputStream","method":"read","type":"runtime"}
{"buffer":"","timestamp":1584895754463,"class":"java.io.FileInputStream","method":"read","type":"runtime"}
{"timestamp":1584895754738,"result":"Process[pid=1690]","class":"java.lang.Runtime","method":"exec","type":"runtime","args":[["su"]]}
{"timestamp":1584895754839,"result":"Process[pid=1690]","class":"java.lang.Runtime","method":"exec","type":"runtime","args":["su"]}
{"timestamp":1584895754912,"result":"Process[pid=1690]","class":"java.lang.Runtime","method":"exec","type":"runtime","args":["su"]}
{"buffer":"echo -BOC-","timestamp":1584895755010,"class":"java.io.FileOutputStream","method":"write","type":"runtime"}
{"buffer":"id","timestamp":1584895755017,"class":"java.io.FileOutputStream","method":"write","type":"runtime"}
{"buffer":"exit","timestamp":1584895755037,"class":"java.io.FileOutputStream","method":"write","type":"runtime"}
{"timestamp":1584895763050,"result":{"descriptor":48},"class":"libcore.io.IoBridge","method":"open","type":"file","args":["\/sys\/class\/net\/sit0\/ifindex","0"]}
{"timestamp":1584895763133,"result":{"descriptor":48},"class":"libcore.io.IoBridge","method":"open","type":"file","args":["\/proc\/net\/if_inet6","0"]}
{"timestamp":1584895763216,"result":{"descriptor":48},"class":"libcore.io.IoBridge","method":"open","type":"file","args":["\/sys\/class\/net\/eth0\/ifindex","0"]}
{"timestamp":1584895763243,"result":{"descriptor":48},"class":"libcore.io.IoBridge","method":"open","type":"file","args":["\/proc\/net\/if_inet6","0"]}
{"timestamp":1584895763330,"result":{"descriptor":48},"class":"libcore.io.IoBridge","method":"open","type":"file","args":["\/sys\/class\/net\/lo\/ifindex","0"]}
{"timestamp":1584895763436,"result":{"descriptor":48},"class":"libcore.io.IoBridge","method":"open","type":"file","args":["\/proc\/net\/if_inet6","0"]}
{"timestamp":1584895763512,"result":{"descriptor":48},"class":"libcore.io.IoBridge","method":"open","type":"file","args":["\/sys\/class\/net\/sit0\/ifindex","0"]}
{"timestamp":1584895763558,"result":{"descriptor":48},"class":"libcore.io.IoBridge","method":"open","type":"file","args":["\/proc\/net\/if_inet6","0"]}
{"timestamp":1584895763682,"result":{"descriptor":48},"class":"libcore.io.IoBridge","method":"open","type":"file","args":["\/sys\/class\/net\/eth0\/ifindex","0"]}
{"timestamp":1584895763840,"result":{"descriptor":48},"class":"libcore.io.IoBridge","method":"open","type":"file","args":["\/proc\/net\/if_inet6","0"]}
{"timestamp":1584895763981,"result":{"descriptor":48},"class":"libcore.io.IoBridge","method":"open","type":"file","args":["\/sys\/class\/net\/lo\/ifindex","0"]}
{"timestamp":1584895764049,"result":{"descriptor":48},"class":"libcore.io.IoBridge","method":"open","type":"file","args":["\/proc\/net\/if_inet6","0"]}
{"timestamp":1584895764210,"result":{"descriptor":48},"class":"libcore.io.IoBridge","method":"open","type":"file","args":["\/sys\/class\/net\/sit0\/ifindex","0"]}
{"timestamp":1584895764243,"result":{"descriptor":48},"class":"libcore.io.IoBridge","method":"open","type":"file","args":["\/proc\/net\/if_inet6","0"]}
{"timestamp":1584895764273,"result":{"descriptor":48},"class":"libcore.io.IoBridge","method":"open","type":"file","args":["\/sys\/class\/net\/eth0\/ifindex","0"]}
{"timestamp":1584895764298,"result":{"descriptor":48},"class":"libcore.io.IoBridge","method":"open","type":"file","args":["\/proc\/net\/if_inet6","0"]}
{"timestamp":1584895764337,"result":{"descriptor":48},"class":"libcore.io.IoBridge","method":"open","type":"file","args":["\/sys\/class\/net\/lo\/ifindex","0"]}
{"timestamp":1584895764470,"result":{"descriptor":48},"class":"libcore.io.IoBridge","method":"open","type":"file","args":["\/proc\/net\/if_inet6","0"]}
{"timestamp":1584895764516,"result":{"descriptor":48},"class":"libcore.io.IoBridge","method":"open","type":"file","args":["\/sys\/class\/net\/sit0\/ifindex","0"]}
{"timestamp":1584895764542,"result":{"descriptor":48},"class":"libcore.io.IoBridge","method":"open","type":"file","args":["\/proc\/net\/if_inet6","0"]}
{"timestamp":1584895764594,"result":{"descriptor":48},"class":"libcore.io.IoBridge","method":"open","type":"file","args":["\/sys\/class\/net\/eth0\/ifindex","0"]}
{"timestamp":1584895764623,"result":{"descriptor":48},"class":"libcore.io.IoBridge","method":"open","type":"file","args":["\/proc\/net\/if_inet6","0"]}
{"timestamp":1584895764740,"result":{"descriptor":48},"class":"libcore.io.IoBridge","method":"open","type":"file","args":["\/sys\/class\/net\/lo\/ifindex","0"]}
{"timestamp":1584895764811,"result":{"descriptor":48},"class":"libcore.io.IoBridge","method":"open","type":"file","args":["\/proc\/net\/if_inet6","0"]}
{"timestamp":1584895765155,"class":"android.app.NotificationManager","method":"notify","type":"generic","args":["2131296335",{"icon":2130837506,"flags":32,"iconLevel":0,"contentView":{"mActions":[{},{},{},{}],"mLayoutId":2130903044,"mMemoryUsageCounter":{"mMemoryUsage":0},"mPackage":"com.matoski.adbm","mIsRoot":true,"mIsWidgetCollectionChild":false,"mBitmapCache":{"mBitmaps":[]}},"number":0,"audioStreamType":-1,"extras":{"mAllowFds":true,"mFdsKnown":true,"mMap":{},"mHasFds":false,"mClassLoader":{"packages":{}}},"defaults":0,"ledARGB":0,"priority":0,"when":1584895764198,"ledOnMS":0,"contentIntent":{"mTarget":{"mRemote":{"mSelf":{"referent":{}},"mObject":-1212711896,"mOrgue":-1212685984}}},"ledOffMS":0}]}
{"timestamp":1584895765993,"class":"android.app.NotificationManager","method":"notify","type":"generic","args":["2131296335",{"icon":2130837506,"flags":32,"iconLevel":0,"contentView":{"mActions":[{},{},{},{}],"mLayoutId":2130903044,"mMemoryUsageCounter":{"mMemoryUsage":0},"mPackage":"com.matoski.adbm","mIsRoot":true,"mIsWidgetCollectionChild":false,"mBitmapCache":{"mBitmaps":[]}},"number":0,"audioStreamType":-1,"extras":{"mAllowFds":true,"mFdsKnown":true,"mMap":{},"mHasFds":false,"mClassLoader":{"packages":{}}},"defaults":0,"ledARGB":0,"priority":0,"when":1584895764198,"ledOnMS":0,"contentIntent":{"mTarget":{"mRemote":{"mSelf":{"referent":{}},"mObject":-1212711896,"mOrgue":-1212685984}}},"ledOffMS":0}]}
{"timestamp":1584895766192,"result":{"descriptor":48},"class":"libcore.io.IoBridge","method":"open","type":"file","args":["\/sys\/class\/net\/sit0\/ifindex","0"]}
{"timestamp":1584895766231,"result":{"descriptor":48},"class":"libcore.io.IoBridge","method":"open","type":"file","args":["\/proc\/net\/if_inet6","0"]}
{"timestamp":1584895766643,"result":{"descriptor":48},"class":"libcore.io.IoBridge","method":"open","type":"file","args":["\/sys\/class\/net\/eth0\/ifindex","0"]}
{"timestamp":1584895766861,"result":{"descriptor":48},"class":"libcore.io.IoBridge","method":"open","type":"file","args":["\/proc\/net\/if_inet6","0"]}
{"timestamp":1584895766951,"result":{"descriptor":48},"class":"libcore.io.IoBridge","method":"open","type":"file","args":["\/sys\/class\/net\/lo\/ifindex","0"]}
{"timestamp":1584895766978,"result":{"descriptor":48},"class":"libcore.io.IoBridge","method":"open","type":"file","args":["\/proc\/net\/if_inet6","0"]}
{"timestamp":1584895767128,"result":{"descriptor":48},"class":"libcore.io.IoBridge","method":"open","type":"file","args":["\/sys\/class\/net\/sit0\/ifindex","0"]}
{"timestamp":1584895767156,"result":{"descriptor":48},"class":"libcore.io.IoBridge","method":"open","type":"file","args":["\/proc\/net\/if_inet6","0"]}
{"timestamp":1584895767253,"result":{"descriptor":48},"class":"libcore.io.IoBridge","method":"open","type":"file","args":["\/sys\/class\/net\/eth0\/ifindex","0"]}
{"timestamp":1584895767278,"result":{"descriptor":48},"class":"libcore.io.IoBridge","method":"open","type":"file","args":["\/proc\/net\/if_inet6","0"]}
{"timestamp":1584895767325,"result":{"descriptor":48},"class":"libcore.io.IoBridge","method":"open","type":"file","args":["\/sys\/class\/net\/lo\/ifindex","0"]}
{"timestamp":1584895767359,"result":{"descriptor":48},"class":"libcore.io.IoBridge","method":"open","type":"file","args":["\/proc\/net\/if_inet6","0"]}
{"buffer":"-BOC-","timestamp":1584895768568,"class":"java.io.FileInputStream","method":"read","type":"runtime"}
{"buffer":"uid=0(root) gid=0(root)","timestamp":1584895769077,"class":"java.io.FileInputStream","method":"read","type":"runtime"}
{"buffer":"","timestamp":1584895769138,"class":"java.io.FileInputStream","method":"read","type":"runtime"}
{"buffer":"","timestamp":1584895769159,"class":"java.io.FileInputStream","method":"read","type":"runtime"}
{"timestamp":1584895769460,"result":"Process[pid=1709]","class":"java.lang.Runtime","method":"exec","type":"runtime","args":[["su"]]}
{"timestamp":1584895769709,"result":"Process[pid=1709]","class":"java.lang.Runtime","method":"exec","type":"runtime","args":["su"]}
{"timestamp":1584895770163,"result":"Process[pid=1709]","class":"java.lang.Runtime","method":"exec","type":"runtime","args":["su"]}
{"buffer":"getprop service.adb.tcp.port","timestamp":1584895770477,"class":"java.io.FileOutputStream","method":"write","type":"runtime"}
{"buffer":"exit","timestamp":1584895770541,"class":"java.io.FileOutputStream","method":"write","type":"runtime"}
{"buffer":"","timestamp":1584895781246,"class":"java.io.FileInputStream","method":"read","type":"runtime"}
{"buffer":"","timestamp":1584895781292,"class":"java.io.FileInputStream","method":"read","type":"runtime"}
{"buffer":"","timestamp":1584895781343,"class":"java.io.FileInputStream","method":"read","type":"runtime"}
{"timestamp":1584895781633,"result":{"descriptor":48},"class":"libcore.io.IoBridge","method":"open","type":"file","args":["\/sys\/class\/net\/sit0\/ifindex","0"]}
{"timestamp":1584895781680,"result":{"descriptor":48},"class":"libcore.io.IoBridge","method":"open","type":"file","args":["\/proc\/net\/if_inet6","0"]}
{"timestamp":1584895781772,"result":{"descriptor":48},"class":"libcore.io.IoBridge","method":"open","type":"file","args":["\/sys\/class\/net\/eth0\/ifindex","0"]}
{"timestamp":1584895781926,"result":{"descriptor":48},"class":"libcore.io.IoBridge","method":"open","type":"file","args":["\/proc\/net\/if_inet6","0"]}
{"timestamp":1584895782233,"result":{"descriptor":48},"class":"libcore.io.IoBridge","method":"open","type":"file","args":["\/sys\/class\/net\/lo\/ifindex","0"]}
{"timestamp":1584895782309,"result":{"descriptor":48},"class":"libcore.io.IoBridge","method":"open","type":"file","args":["\/proc\/net\/if_inet6","0"]}
{"timestamp":1584895782637,"result":{"descriptor":48},"class":"libcore.io.IoBridge","method":"open","type":"file","args":["\/sys\/class\/net\/sit0\/ifindex","0"]}
{"timestamp":1584895782707,"result":{"descriptor":48},"class":"libcore.io.IoBridge","method":"open","type":"file","args":["\/proc\/net\/if_inet6","0"]}
{"timestamp":1584895782771,"result":{"descriptor":48},"class":"libcore.io.IoBridge","method":"open","type":"file","args":["\/sys\/class\/net\/eth0\/ifindex","0"]}
{"timestamp":1584895782820,"result":{"descriptor":48},"class":"libcore.io.IoBridge","method":"open","type":"file","args":["\/proc\/net\/if_inet6","0"]}
{"timestamp":1584895782883,"result":{"descriptor":48},"class":"libcore.io.IoBridge","method":"open","type":"file","args":["\/sys\/class\/net\/lo\/ifindex","0"]}
{"timestamp":1584895782938,"result":{"descriptor":48},"class":"libcore.io.IoBridge","method":"open","type":"file","args":["\/proc\/net\/if_inet6","0"]}
{"timestamp":1584895783353,"result":{"descriptor":48},"class":"libcore.io.IoBridge","method":"open","type":"file","args":["\/sys\/class\/net\/sit0\/ifindex","0"]}
{"timestamp":1584895783523,"result":{"descriptor":48},"class":"libcore.io.IoBridge","method":"open","type":"file","args":["\/proc\/net\/if_inet6","0"]}
{"timestamp":1584895783766,"result":{"descriptor":48},"class":"libcore.io.IoBridge","method":"open","type":"file","args":["\/sys\/class\/net\/eth0\/ifindex","0"]}
{"timestamp":1584895783802,"result":{"descriptor":48},"class":"libcore.io.IoBridge","method":"open","type":"file","args":["\/proc\/net\/if_inet6","0"]}
{"timestamp":1584895783900,"result":{"descriptor":48},"class":"libcore.io.IoBridge","method":"open","type":"file","args":["\/sys\/class\/net\/lo\/ifindex","0"]}
{"timestamp":1584895783930,"result":{"descriptor":48},"class":"libcore.io.IoBridge","method":"open","type":"file","args":["\/proc\/net\/if_inet6","0"]}
{"timestamp":1584895784062,"result":{"descriptor":48},"class":"libcore.io.IoBridge","method":"open","type":"file","args":["\/sys\/class\/net\/sit0\/ifindex","0"]}
{"timestamp":1584895784102,"result":{"descriptor":48},"class":"libcore.io.IoBridge","method":"open","type":"file","args":["\/proc\/net\/if_inet6","0"]}
{"timestamp":1584895784194,"result":{"descriptor":48},"class":"libcore.io.IoBridge","method":"open","type":"file","args":["\/sys\/class\/net\/eth0\/ifindex","0"]}
{"timestamp":1584895784281,"result":{"descriptor":48},"class":"libcore.io.IoBridge","method":"open","type":"file","args":["\/proc\/net\/if_inet6","0"]}
{"timestamp":1584895784465,"result":{"descriptor":48},"class":"libcore.io.IoBridge","method":"open","type":"file","args":["\/sys\/class\/net\/lo\/ifindex","0"]}
{"timestamp":1584895784508,"result":{"descriptor":48},"class":"libcore.io.IoBridge","method":"open","type":"file","args":["\/proc\/net\/if_inet6","0"]}
{"timestamp":1584895784600,"result":{"descriptor":48},"class":"libcore.io.IoBridge","method":"open","type":"file","args":["\/sys\/class\/net\/sit0\/ifindex","0"]}
{"timestamp":1584895784740,"result":{"descriptor":48},"class":"libcore.io.IoBridge","method":"open","type":"file","args":["\/proc\/net\/if_inet6","0"]}
{"timestamp":1584895784971,"result":{"descriptor":48},"class":"libcore.io.IoBridge","method":"open","type":"file","args":["\/sys\/class\/net\/eth0\/ifindex","0"]}
{"timestamp":1584895784992,"result":{"descriptor":48},"class":"libcore.io.IoBridge","method":"open","type":"file","args":["\/proc\/net\/if_inet6","0"]}
{"timestamp":1584895785076,"result":{"descriptor":48},"class":"libcore.io.IoBridge","method":"open","type":"file","args":["\/sys\/class\/net\/lo\/ifindex","0"]}
{"timestamp":1584895785162,"result":{"descriptor":48},"class":"libcore.io.IoBridge","method":"open","type":"file","args":["\/proc\/net\/if_inet6","0"]}
{"timestamp":1584895785315,"class":"android.app.NotificationManager","method":"notify","type":"generic","args":["2131296335",{"icon":2130837506,"flags":32,"iconLevel":0,"contentView":{"mActions":[{},{},{},{}],"mLayoutId":2130903044,"mMemoryUsageCounter":{"mMemoryUsage":0},"mPackage":"com.matoski.adbm","mIsRoot":true,"mIsWidgetCollectionChild":false,"mBitmapCache":{"mBitmaps":[]}},"number":0,"audioStreamType":-1,"extras":{"mAllowFds":true,"mFdsKnown":true,"mMap":{},"mHasFds":false,"mClassLoader":{"packages":{}}},"defaults":0,"ledARGB":0,"priority":0,"when":1584895784035,"ledOnMS":0,"contentIntent":{"mTarget":{"mRemote":{"mSelf":{"referent":{}},"mObject":-1212612752,"mOrgue":-1212539904}}},"ledOffMS":0}]}
{"timestamp":1584895786006,"class":"android.app.NotificationManager","method":"notify","type":"generic","args":["2131296335",{"icon":2130837506,"flags":32,"iconLevel":0,"contentView":{"mActions":[{},{},{},{}],"mLayoutId":2130903044,"mMemoryUsageCounter":{"mMemoryUsage":0},"mPackage":"com.matoski.adbm","mIsRoot":true,"mIsWidgetCollectionChild":false,"mBitmapCache":{"mBitmaps":[]}},"number":0,"audioStreamType":-1,"extras":{"mAllowFds":true,"mFdsKnown":true,"mMap":{},"mHasFds":false,"mClassLoader":{"packages":{}}},"defaults":0,"ledARGB":0,"priority":0,"when":1584895784035,"ledOnMS":0,"contentIntent":{"mTarget":{"mRemote":{"mSelf":{"referent":{}},"mObject":-1212612752,"mOrgue":-1212539904}}},"ledOffMS":0}]}
{"timestamp":1584895783877,"result":"Process[pid=1729]","class":"java.lang.Runtime","method":"exec","type":"runtime","args":[["su"]]}
{"timestamp":1584895787179,"result":"Process[pid=1729]","class":"java.lang.Runtime","method":"exec","type":"runtime","args":["su"]}
{"timestamp":1584895787308,"result":"Process[pid=1729]","class":"java.lang.Runtime","method":"exec","type":"runtime","args":["su"]}
{"buffer":"echo -BOC-","timestamp":1584895787528,"class":"java.io.FileOutputStream","method":"write","type":"runtime"}
{"buffer":"id","timestamp":1584895787552,"class":"java.io.FileOutputStream","method":"write","type":"runtime"}
{"buffer":"exit","timestamp":1584895787674,"class":"java.io.FileOutputStream","method":"write","type":"runtime"}
{"buffer":"-BOC-","timestamp":1584895799636,"class":"java.io.FileInputStream","method":"read","type":"runtime"}
{"buffer":"uid=0(root) gid=0(root)","timestamp":1584895799985,"class":"java.io.FileInputStream","method":"read","type":"runtime"}
{"buffer":"","timestamp":1584895800688,"class":"java.io.FileInputStream","method":"read","type":"runtime"}
{"buffer":"","timestamp":1584895800548,"class":"java.io.FileInputStream","method":"read","type":"runtime"}
{"timestamp":1584895801731,"result":"Process[pid=1748]","class":"java.lang.Runtime","method":"exec","type":"runtime","args":[["su"]]}
{"timestamp":1584895802268,"result":"Process[pid=1748]","class":"java.lang.Runtime","method":"exec","type":"runtime","args":["su"]}
{"timestamp":1584895802760,"result":"Process[pid=1748]","class":"java.lang.Runtime","method":"exec","type":"runtime","args":["su"]}
{"buffer":"getprop service.adb.tcp.port","timestamp":1584895802926,"class":"java.io.FileOutputStream","method":"write","type":"runtime"}
{"buffer":"exit","timestamp":1584895802976,"class":"java.io.FileOutputStream","method":"write","type":"runtime"}
